AutoECO Report
FILE-A: C:\ORCAD\ORCAD_10.5\TOOLS\LAYOUT_PLUS\DATA\_DEFAULT.TCH
FILE-B: D:\DR\SCHEMATIC\CAPTURE\LORA.MNL
If "*EOF*" immediately follows, no changes were made
Adding footprint BLKCON.100/VH/TM1SQ/W.100/10
Adding footprint BLKCON.100/VH/TM1SQ/W.100/2
Adding footprint BLKCON.100/VH/TM1SQ/W.100/8
Adding footprint TO220AA/RF1
Adding footprint CGA8
Adding footprint CGA6
Adding footprint BLKCON.100/VH/TM1SQ/W.100/6
Adding footprint CGA9
Adding footprint SOG/NDC
Adding footprint CNC6
Adding footprint SOG/RT
Adding footprint BME
Adding footprint JUMPER100
Adding footprint ERA3
Found footprint SGA3 from PRT file for original FP CGA3, comp D1
Adding package CONNECTOR_EDGE_10
Adding package HEADER_2/SM
Adding package CONNECTOR_EDGE_10_0
Adding package LM7805C
Adding package C
Adding package CONNECTOR_EDGE_10_1
Adding package NDC7002N/SOT
Adding package RT9193-33GB_1
Adding package BME280
Adding package JUMPER
Adding package R
Adding package 1N4099
Adding component J1
Adding component J4
Adding component J2
Adding component U11
Adding component C7
Adding component C8
Adding component J3
Adding component C3
Adding component C5
Adding component Q3
Adding component Q1
Adding component C6
Adding component C4
Adding component U3
Adding component U2
Adding component Q2
Adding component C2
Adding component J6
Adding component R3
Adding component R4
Adding component R5
Adding component R6
Adding component R1
Adding component R7
Adding component R8
Adding component R2
Adding component C1
Adding component J5
Adding component D1
Adding net N64186
Adding net N63669
Adding net N62680
Adding net N63422
Adding net GND
Adding net VCC
Adding net N71932
Adding net N64470
Adding net N122491
Adding net N122508
Adding net N64585
Adding net N61659
Adding net ADDR/MISO
Adding net CS
Adding net N64202
Deleting net DEFAULT
*EOF*
No errors found
